app/build/intermediates/manifest_merge_blame_file/debug/manifest-merger-blame-debug-report.txt
1<?xml version="1.0" encoding="utf-8"?>
2<manifest xmlns:android="http://schemas.android.com/apk/res/android"
3    package="com.recipe.search"
4    android:versionCode="1"
5    android:versionName="1.0" >
6
7    <uses-sdk
8        android:minSdkVersion="21"
9        android:targetSdkVersion="34" />
10
11    <uses-permission android:name="android.permission.WRITE_EXTERNAL_STORAGE" />
11-->src\main\AndroidManifest.xml:5:5-7:40
11-->src\main\AndroidManifest.xml:6:9-65
12    <uses-permission android:name="android.permission.INTERNET" />
12-->src\main\AndroidManifest.xml:8:5-67
12-->src\main\AndroidManifest.xml:8:22-64
13
14    <uses-feature
14-->src\main\AndroidManifest.xml:10:5-12:36
15        android:name="android.hardware.camera"
15-->src\main\AndroidManifest.xml:11:9-47
16        android:required="false" />
16-->src\main\AndroidManifest.xml:12:9-33
17
18    <queries>
18-->[com.google.androidbrowserhelper:androidbrowserhelper:2.4.0] AndroidManifest.xml:26:5-34:15
19        <intent>
19-->[com.google.androidbrowserhelper:androidbrowserhelper:2.4.0] AndroidManifest.xml:27:9-33:18
20            <action android:name="android.intent.action.VIEW" />
20-->src\main\AndroidManifest.xml:38:17-69
20-->src\main\AndroidManifest.xml:38:25-66
21
22            <category android:name="android.intent.category.BROWSABLE" />
22-->src\main\AndroidManifest.xml:41:17-78
22-->src\main\AndroidManifest.xml:41:27-75
23
24            <data android:scheme="https" />
24-->src\main\AndroidManifest.xml:43:17-81
24-->src\main\AndroidManifest.xml:43:23-78
25        </intent>
26    </queries>
27
28    <uses-permission android:name="android.permission.ACCESS_NETWORK_STATE" />
28-->[com.google.firebase:firebase-auth:22.0.0] AndroidManifest.xml:26:5-79
28-->[com.google.firebase:firebase-auth:22.0.0] AndroidManifest.xml:26:22-76
29    <uses-permission android:name="android.permission.POST_NOTIFICATIONS" />
29-->[com.google.firebase:firebase-messaging:23.1.1] AndroidManifest.xml:25:5-77
29-->[com.google.firebase:firebase-messaging:23.1.1] AndroidManifest.xml:25:22-74
30    <uses-permission android:name="android.permission.WAKE_LOCK" /> <!-- Required by older versions of Google Play services to create IID tokens -->
30-->[com.google.firebase:firebase-messaging:23.1.1] AndroidManifest.xml:26:5-68
30-->[com.google.firebase:firebase-messaging:23.1.1] AndroidManifest.xml:26:22-65
31    <uses-permission android:name="com.google.android.c2dm.permission.RECEIVE" />
31-->[com.google.firebase:firebase-messaging:23.1.1] AndroidManifest.xml:28:5-82
31-->[com.google.firebase:firebase-messaging:23.1.1] AndroidManifest.xml:28:22-79
32    <uses-permission android:name="com.google.android.gms.permission.AD_ID" />
32-->[com.google.android.gms:play-services-measurement-api:21.2.0] AndroidManifest.xml:25:5-79
32-->[com.google.android.gms:play-services-measurement-api:21.2.0] AndroidManifest.xml:25:22-76
33    <uses-permission android:name="com.google.android.finsky.permission.BIND_GET_INSTALL_REFERRER_SERVICE" />
33-->[com.google.android.gms:play-services-measurement:21.2.0] AndroidManifest.xml:26:5-110
33-->[com.google.android.gms:play-services-measurement:21.2.0] AndroidManifest.xml:26:22-107
34
35    <permission
35-->[androidx.core:core:1.9.0] AndroidManifest.xml:22:5-24:47
36        android:name="com.recipe.search.DYNAMIC_RECEIVER_NOT_EXPORTED_PERMISSION"
36-->[androidx.core:core:1.9.0] AndroidManifest.xml:23:9-81
37        android:protectionLevel="signature" />
37-->[androidx.core:core:1.9.0] AndroidManifest.xml:24:9-44
38
39    <uses-permission android:name="com.recipe.search.DYNAMIC_RECEIVER_NOT_EXPORTED_PERMISSION" />
39-->[androidx.core:core:1.9.0] AndroidManifest.xml:26:5-97
39-->[androidx.core:core:1.9.0] AndroidManifest.xml:26:22-94
40
41    <application
41-->src\main\AndroidManifest.xml:14:5-74:19
42        android:name="com.recipe.search.base.BaseApplication"
42-->src\main\AndroidManifest.xml:15:9-45
43        android:allowBackup="true"
43-->src\main\AndroidManifest.xml:16:9-35
44        android:appComponentFactory="androidx.core.app.CoreComponentFactory"
44-->[androidx.core:core:1.9.0] AndroidManifest.xml:28:18-86
45        android:dataExtractionRules="@xml/data_extraction_rules"
45-->src\main\AndroidManifest.xml:17:9-65
46        android:debuggable="true"
47        android:extractNativeLibs="true"
48        android:fullBackupContent="false"
48-->src\main\AndroidManifest.xml:18:9-42
49        android:icon="@drawable/ic_launcher_background"
49-->src\main\AndroidManifest.xml:19:9-56
50        android:label="Recipe Search App"
50-->src\main\AndroidManifest.xml:20:9-42
51        android:requestLegacyExternalStorage="true"
51-->src\main\AndroidManifest.xml:21:9-52
52        android:roundIcon="@drawable/ic_launcher_foreground"
52-->src\main\AndroidManifest.xml:22:9-61
53        android:supportsRtl="true"
53-->src\main\AndroidManifest.xml:23:9-35
54        android:testOnly="true"
55        android:theme="@style/NoActionBar"
55-->src\main\AndroidManifest.xml:24:9-43
56        android:usesCleartextTraffic="true" >
56-->src\main\AndroidManifest.xml:25:9-44
57        <activity
57-->src\main\AndroidManifest.xml:28:9-30:40
58            android:name="com.recipe.search.ui.view.auth.appwrite_auth.AppwriteRegistrationActivity"
58-->src\main\AndroidManifest.xml:29:13-84
59            android:exported="false" />
59-->src\main\AndroidManifest.xml:30:13-37
60        <activity
60-->src\main\AndroidManifest.xml:31:9-33:40
61            android:name="com.recipe.search.ui.view.recipe_details.RecipeDetailsActivity"
61-->src\main\AndroidManifest.xml:32:13-73
62            android:exported="false" />
62-->src\main\AndroidManifest.xml:33:13-37
63        <activity
63-->src\main\AndroidManifest.xml:34:9-45:20
64            android:name="io.appwrite.views.CallbackActivity"
64-->src\main\AndroidManifest.xml:35:13-62
65            android:exported="true" >
65-->src\main\AndroidManifest.xml:36:13-36
66            <intent-filter android:label="android_web_auth" >
66-->src\main\AndroidManifest.xml:37:13-44:29
66-->src\main\AndroidManifest.xml:37:28-60
67                <action android:name="android.intent.action.VIEW" />
67-->src\main\AndroidManifest.xml:38:17-69
67-->src\main\AndroidManifest.xml:38:25-66
68
69                <category android:name="android.intent.category.DEFAULT" />
69-->src\main\AndroidManifest.xml:40:17-76
69-->src\main\AndroidManifest.xml:40:27-73
70                <category android:name="android.intent.category.BROWSABLE" />
70-->src\main\AndroidManifest.xml:41:17-78
70-->src\main\AndroidManifest.xml:41:27-75
71
72                <data android:scheme="appwrite-callback-65489eefaa3bd07f3d1a" />
72-->src\main\AndroidManifest.xml:43:17-81
72-->src\main\AndroidManifest.xml:43:23-78
73            </intent-filter>
74        </activity>
75        <activity
75-->src\main\AndroidManifest.xml:46:9-48:40
76            android:name="com.recipe.search.ui.view.auth.login.LoginActivity"
76-->src\main\AndroidManifest.xml:47:13-61
77            android:exported="false" />
77-->src\main\AndroidManifest.xml:48:13-37
78        <activity
78-->src\main\AndroidManifest.xml:49:9-51:40
79            android:name="com.recipe.search.ui.view.auth.signUp.SignUpActivity"
79-->src\main\AndroidManifest.xml:50:13-63
80            android:exported="false" />
80-->src\main\AndroidManifest.xml:51:13-37
81        <activity
81-->src\main\AndroidManifest.xml:52:9-62:20
82            android:name="com.recipe.search.ui.view.dashboard.DashBoardActivity"
82-->src\main\AndroidManifest.xml:53:13-64
83            android:exported="true" >
83-->src\main\AndroidManifest.xml:54:13-36
84
85            <!-- <intent-filter> -->
86            <!-- <action android:name="android.intent.action.MAIN" /> -->
87
88
89            <!-- <category android:name="android.intent.category.LAUNCHER" /> -->
90            <!-- </intent-filter> -->
91        </activity>
92        <activity
92-->src\main\AndroidManifest.xml:63:9-73:20
93            android:name="com.recipe.search.ui.view.splash.SplashScreenActivity"
93-->src\main\AndroidManifest.xml:64:13-64
94            android:exported="true"
94-->src\main\AndroidManifest.xml:65:13-36
95            android:screenOrientation="fullSensor"
95-->src\main\AndroidManifest.xml:66:13-51
96            android:theme="@style/SplashScreen" >
96-->src\main\AndroidManifest.xml:67:13-48
97            <intent-filter>
97-->src\main\AndroidManifest.xml:68:13-72:29
98                <action android:name="android.intent.action.MAIN" />
98-->src\main\AndroidManifest.xml:69:17-69
98-->src\main\AndroidManifest.xml:69:25-66
99
100                <category android:name="android.intent.category.LAUNCHER" />
100-->src\main\AndroidManifest.xml:71:17-77
100-->src\main\AndroidManifest.xml:71:27-74
101            </intent-filter>
102        </activity>
103
104        <service
104-->[com.google.firebase:firebase-auth-ktx:22.0.0] AndroidManifest.xml:8:9-14:19
105            android:name="com.google.firebase.components.ComponentDiscoveryService"
105-->[com.google.firebase:firebase-auth-ktx:22.0.0] AndroidManifest.xml:9:13-84
106            android:directBootAware="true"
106-->[com.google.firebase:firebase-common:20.3.2] AndroidManifest.xml:34:13-43
107            android:exported="false" >
107-->[com.google.firebase:firebase-auth-ktx:22.0.0] AndroidManifest.xml:10:13-37
108            <meta-data
108-->[com.google.firebase:firebase-auth-ktx:22.0.0] AndroidManifest.xml:11:13-13:85
109                android:name="com.google.firebase.components:com.google.firebase.auth.ktx.FirebaseAuthKtxRegistrar"
109-->[com.google.firebase:firebase-auth-ktx:22.0.0] AndroidManifest.xml:12:17-116
110                android:value="com.google.firebase.components.ComponentRegistrar" />
110-->[com.google.firebase:firebase-auth-ktx:22.0.0] AndroidManifest.xml:13:17-82
111            <meta-data
111-->[com.google.firebase:firebase-database-ktx:20.2.1] AndroidManifest.xml:14:13-16:85
112                android:name="com.google.firebase.components:com.google.firebase.database.ktx.FirebaseDatabaseKtxRegistrar"
112-->[com.google.firebase:firebase-database-ktx:20.2.1] AndroidManifest.xml:15:17-124
113                android:value="com.google.firebase.components.ComponentRegistrar" />
113-->[com.google.firebase:firebase-database-ktx:20.2.1] AndroidManifest.xml:16:17-82
114            <meta-data
114-->[com.google.firebase:firebase-firestore-ktx:24.6.0] AndroidManifest.xml:14:13-16:85
115                android:name="com.google.firebase.components:com.google.firebase.firestore.ktx.FirebaseFirestoreKtxRegistrar"
115-->[com.google.firebase:firebase-firestore-ktx:24.6.0] AndroidManifest.xml:15:17-126
116                android:value="com.google.firebase.components.ComponentRegistrar" />
116-->[com.google.firebase:firebase-firestore-ktx:24.6.0] AndroidManifest.xml:16:17-82
117            <meta-data
117-->[com.google.firebase:firebase-storage-ktx:20.2.0] AndroidManifest.xml:14:13-16:85
118                android:name="com.google.firebase.components:com.google.firebase.storage.ktx.FirebaseStorageKtxRegistrar"
118-->[com.google.firebase:firebase-storage-ktx:20.2.0] AndroidManifest.xml:15:17-122
119                android:value="com.google.firebase.components.ComponentRegistrar" />
119-->[com.google.firebase:firebase-storage-ktx:20.2.0] AndroidManifest.xml:16:17-82
120            <meta-data
120-->[com.google.firebase:firebase-crashlytics-ktx:18.3.7] AndroidManifest.xml:26:13-28:85
121                android:name="com.google.firebase.components:com.google.firebase.crashlytics.ktx.FirebaseCrashlyticsKtxRegistrar"
121-->[com.google.firebase:firebase-crashlytics-ktx:18.3.7] AndroidManifest.xml:27:17-130
122                android:value="com.google.firebase.components.ComponentRegistrar" />
122-->[com.google.firebase:firebase-crashlytics-ktx:18.3.7] AndroidManifest.xml:28:17-82
123            <meta-data
123-->[com.google.firebase:firebase-analytics-ktx:21.2.0] AndroidManifest.xml:11:13-13:85
124                android:name="com.google.firebase.components:com.google.firebase.analytics.ktx.FirebaseAnalyticsKtxRegistrar"
124-->[com.google.firebase:firebase-analytics-ktx:21.2.0] AndroidManifest.xml:12:17-126
125                android:value="com.google.firebase.components.ComponentRegistrar" />
125-->[com.google.firebase:firebase-analytics-ktx:21.2.0] AndroidManifest.xml:13:17-82
126            <meta-data
126-->[com.google.firebase:firebase-auth:22.0.0] AndroidManifest.xml:69:13-71:85
127                android:name="com.google.firebase.components:com.google.firebase.auth.FirebaseAuthRegistrar"
127-->[com.google.firebase:firebase-auth:22.0.0] AndroidManifest.xml:70:17-109
128                android:value="com.google.firebase.components.ComponentRegistrar" />
128-->[com.google.firebase:firebase-auth:22.0.0] AndroidManifest.xml:71:17-82
129            <meta-data
129-->[com.google.firebase:firebase-messaging:23.1.1] AndroidManifest.xml:55:13-57:85
130                android:name="com.google.firebase.components:com.google.firebase.messaging.FirebaseMessagingRegistrar"
130-->[com.google.firebase:firebase-messaging:23.1.1] AndroidManifest.xml:56:17-119
131                android:value="com.google.firebase.components.ComponentRegistrar" />
131-->[com.google.firebase:firebase-messaging:23.1.1] AndroidManifest.xml:57:17-82
132            <meta-data
132-->[com.google.firebase:firebase-common-ktx:20.3.2] AndroidManifest.xml:14:13-16:85
133                android:name="com.google.firebase.components:com.google.firebase.ktx.FirebaseCommonKtxRegistrar"
133-->[com.google.firebase:firebase-common-ktx:20.3.2] AndroidManifest.xml:15:17-113
134                android:value="com.google.firebase.components.ComponentRegistrar" />
134-->[com.google.firebase:firebase-common-ktx:20.3.2] AndroidManifest.xml:16:17-82
135            <meta-data
135-->[com.google.firebase:firebase-database:20.2.1] AndroidManifest.xml:31:13-33:85
136                android:name="com.google.firebase.components:com.google.firebase.database.DatabaseRegistrar"
136-->[com.google.firebase:firebase-database:20.2.1] AndroidManifest.xml:32:17-109
137                android:value="com.google.firebase.components.ComponentRegistrar" />
137-->[com.google.firebase:firebase-database:20.2.1] AndroidManifest.xml:33:17-82
138            <meta-data
138-->[com.google.firebase:firebase-firestore:24.6.0] AndroidManifest.xml:19:13-21:85
139                android:name="com.google.firebase.components:com.google.firebase.firestore.FirestoreRegistrar"
139-->[com.google.firebase:firebase-firestore:24.6.0] AndroidManifest.xml:20:17-111
140                android:value="com.google.firebase.components.ComponentRegistrar" />
140-->[com.google.firebase:firebase-firestore:24.6.0] AndroidManifest.xml:21:17-82
141            <meta-data
141-->[com.google.firebase:firebase-storage:20.2.0] AndroidManifest.xml:32:13-34:85
142                android:name="com.google.firebase.components:com.google.firebase.storage.StorageRegistrar"
142-->[com.google.firebase:firebase-storage:20.2.0] AndroidManifest.xml:33:17-107
143                android:value="com.google.firebase.components.ComponentRegistrar" />
143-->[com.google.firebase:firebase-storage:20.2.0] AndroidManifest.xml:34:17-82
144            <meta-data
144-->[com.google.firebase:firebase-crashlytics:18.3.7] AndroidManifest.xml:17:13-19:85
145                android:name="com.google.firebase.components:com.google.firebase.crashlytics.CrashlyticsRegistrar"
145-->[com.google.firebase:firebase-crashlytics:18.3.7] AndroidManifest.xml:18:17-115
146                android:value="com.google.firebase.components.ComponentRegistrar" />
146-->[com.google.firebase:firebase-crashlytics:18.3.7] AndroidManifest.xml:19:17-82
147            <meta-data
147-->[com.google.android.gms:play-services-measurement-api:21.2.0] AndroidManifest.xml:31:13-33:85
148                android:name="com.google.firebase.components:com.google.firebase.analytics.connector.internal.AnalyticsConnectorRegistrar"
148-->[com.google.android.gms:play-services-measurement-api:21.2.0] AndroidManifest.xml:32:17-139
149                android:value="com.google.firebase.components.ComponentRegistrar" />
149-->[com.google.android.gms:play-services-measurement-api:21.2.0] AndroidManifest.xml:33:17-82
150            <meta-data
150-->[com.google.firebase:firebase-datatransport:18.1.7] AndroidManifest.xml:27:13-29:85
151                android:name="com.google.firebase.components:com.google.firebase.datatransport.TransportRegistrar"
151-->[com.google.firebase:firebase-datatransport:18.1.7] AndroidManifest.xml:28:17-115
152                android:value="com.google.firebase.components.ComponentRegistrar" />
152-->[com.google.firebase:firebase-datatransport:18.1.7] AndroidManifest.xml:29:17-82
153            <meta-data
153-->[com.google.firebase:firebase-installations:17.1.3] AndroidManifest.xml:17:13-19:85
154                android:name="com.google.firebase.components:com.google.firebase.installations.FirebaseInstallationsRegistrar"
154-->[com.google.firebase:firebase-installations:17.1.3] AndroidManifest.xml:18:17-127
155                android:value="com.google.firebase.components.ComponentRegistrar" />
155-->[com.google.firebase:firebase-installations:17.1.3] AndroidManifest.xml:19:17-82
156        </service>
157
158        <activity
158-->[com.facebook.android:facebook-common:5.15.3] AndroidManifest.xml:30:9-33:66
159            android:name="com.facebook.FacebookActivity"
159-->[com.facebook.android:facebook-common:5.15.3] AndroidManifest.xml:31:13-57
160            android:configChanges="keyboard|keyboardHidden|screenLayout|screenSize|orientation"
160-->[com.facebook.android:facebook-common:5.15.3] AndroidManifest.xml:32:13-96
161            android:theme="@style/com_facebook_activity_theme" />
161-->[com.facebook.android:facebook-common:5.15.3] AndroidManifest.xml:33:13-63
162        <activity android:name="com.facebook.CustomTabMainActivity" />
162-->[com.facebook.android:facebook-common:5.15.3] AndroidManifest.xml:34:9-71
162-->[com.facebook.android:facebook-common:5.15.3] AndroidManifest.xml:34:19-68
163        <activity
163-->[com.facebook.android:facebook-common:5.15.3] AndroidManifest.xml:35:9-49:20
164            android:name="com.facebook.CustomTabActivity"
164-->[com.facebook.android:facebook-common:5.15.3] AndroidManifest.xml:36:13-58
165            android:exported="true" >
165-->[com.facebook.android:facebook-common:5.15.3] AndroidManifest.xml:37:13-36
166            <intent-filter>
166-->[com.facebook.android:facebook-common:5.15.3] AndroidManifest.xml:39:13-48:29
167                <action android:name="android.intent.action.VIEW" />
167-->src\main\AndroidManifest.xml:38:17-69
167-->src\main\AndroidManifest.xml:38:25-66
168
169                <category android:name="android.intent.category.DEFAULT" />
169-->src\main\AndroidManifest.xml:40:17-76
169-->src\main\AndroidManifest.xml:40:27-73
170                <category android:name="android.intent.category.BROWSABLE" />
170-->src\main\AndroidManifest.xml:41:17-78
170-->src\main\AndroidManifest.xml:41:27-75
171
172                <data
172-->src\main\AndroidManifest.xml:43:17-81
173                    android:host="cct.com.recipe.search"
174                    android:scheme="fbconnect" />
174-->src\main\AndroidManifest.xml:43:23-78
175            </intent-filter>
176        </activity>
177        <activity
177-->[com.google.firebase:firebase-auth:22.0.0] AndroidManifest.xml:29:9-46:20
178            android:name="com.google.firebase.auth.internal.GenericIdpActivity"
178-->[com.google.firebase:firebase-auth:22.0.0] AndroidManifest.xml:30:13-80
179            android:excludeFromRecents="true"
179-->[com.google.firebase:firebase-auth:22.0.0] AndroidManifest.xml:31:13-46
180            android:exported="true"
180-->[com.google.firebase:firebase-auth:22.0.0] AndroidManifest.xml:32:13-36
181            android:launchMode="singleTask"
181-->[com.google.firebase:firebase-auth:22.0.0] AndroidManifest.xml:33:13-44
182            android:theme="@android:style/Theme.Translucent.NoTitleBar" >
182-->[com.google.firebase:firebase-auth:22.0.0] AndroidManifest.xml:34:13-72
183            <intent-filter>
183-->[com.google.firebase:firebase-auth:22.0.0] AndroidManifest.xml:35:13-45:29
184                <action android:name="android.intent.action.VIEW" />
184-->src\main\AndroidManifest.xml:38:17-69
184-->src\main\AndroidManifest.xml:38:25-66
185
186                <category android:name="android.intent.category.DEFAULT" />
186-->src\main\AndroidManifest.xml:40:17-76
186-->src\main\AndroidManifest.xml:40:27-73
187                <category android:name="android.intent.category.BROWSABLE" />
187-->src\main\AndroidManifest.xml:41:17-78
187-->src\main\AndroidManifest.xml:41:27-75
188
189                <data
189-->src\main\AndroidManifest.xml:43:17-81
190                    android:host="firebase.auth"
191                    android:path="/"
192                    android:scheme="genericidp" />
192-->src\main\AndroidManifest.xml:43:23-78
193            </intent-filter>
194        </activity>
195        <activity
195-->[com.google.firebase:firebase-auth:22.0.0] AndroidManifest.xml:47:9-64:20
196            android:name="com.google.firebase.auth.internal.RecaptchaActivity"
196-->[com.google.firebase:firebase-auth:22.0.0] AndroidManifest.xml:48:13-79
197            android:excludeFromRecents="true"
197-->[com.google.firebase:firebase-auth:22.0.0] AndroidManifest.xml:49:13-46
198            android:exported="true"
198-->[com.google.firebase:firebase-auth:22.0.0] AndroidManifest.xml:50:13-36
199            android:launchMode="singleTask"
199-->[com.google.firebase:firebase-auth:22.0.0] AndroidManifest.xml:51:13-44
200            android:theme="@android:style/Theme.Translucent.NoTitleBar" >
200-->[com.google.firebase:firebase-auth:22.0.0] AndroidManifest.xml:52:13-72
201            <intent-filter>
201-->[com.google.firebase:firebase-auth:22.0.0] AndroidManifest.xml:53:13-63:29
202                <action android:name="android.intent.action.VIEW" />
202-->src\main\AndroidManifest.xml:38:17-69
202-->src\main\AndroidManifest.xml:38:25-66
203
204                <category android:name="android.intent.category.DEFAULT" />
204-->src\main\AndroidManifest.xml:40:17-76
204-->src\main\AndroidManifest.xml:40:27-73
205                <category android:name="android.intent.category.BROWSABLE" />
205-->src\main\AndroidManifest.xml:41:17-78
205-->src\main\AndroidManifest.xml:41:27-75
206
207                <data
207-->src\main\AndroidManifest.xml:43:17-81
208                    android:host="firebase.auth"
209                    android:path="/"
210                    android:scheme="recaptcha" />
210-->src\main\AndroidManifest.xml:43:23-78
211            </intent-filter>
212        </activity>
213
214        <receiver
214-->[com.google.firebase:firebase-messaging:23.1.1] AndroidManifest.xml:31:9-38:20
215            android:name="com.google.firebase.iid.FirebaseInstanceIdReceiver"
215-->[com.google.firebase:firebase-messaging:23.1.1] AndroidManifest.xml:32:13-78
216            android:exported="true"
216-->[com.google.firebase:firebase-messaging:23.1.1] AndroidManifest.xml:33:13-36
217            android:permission="com.google.android.c2dm.permission.SEND" >
217-->[com.google.firebase:firebase-messaging:23.1.1] AndroidManifest.xml:34:13-73
218            <intent-filter>
218-->[com.google.firebase:firebase-messaging:23.1.1] AndroidManifest.xml:35:13-37:29
219                <action android:name="com.google.android.c2dm.intent.RECEIVE" />
219-->[com.google.firebase:firebase-messaging:23.1.1] AndroidManifest.xml:36:17-81
219-->[com.google.firebase:firebase-messaging:23.1.1] AndroidManifest.xml:36:25-78
220            </intent-filter>
221        </receiver>
222        <!--
223             FirebaseMessagingService performs security checks at runtime,
224             but set to not exported to explicitly avoid allowing another app to call it.
225        -->
226        <service
226-->[com.google.firebase:firebase-messaging:23.1.1] AndroidManifest.xml:44:9-51:19
227            android:name="com.google.firebase.messaging.FirebaseMessagingService"
227-->[com.google.firebase:firebase-messaging:23.1.1] AndroidManifest.xml:45:13-82
228            android:directBootAware="true"
228-->[com.google.firebase:firebase-messaging:23.1.1] AndroidManifest.xml:46:13-43
229            android:exported="false" >
229-->[com.google.firebase:firebase-messaging:23.1.1] AndroidManifest.xml:47:13-37
230            <intent-filter android:priority="-500" >
230-->[com.google.firebase:firebase-messaging:23.1.1] AndroidManifest.xml:48:13-50:29
230-->[com.google.firebase:firebase-messaging:23.1.1] AndroidManifest.xml:48:28-51
231                <action android:name="com.google.firebase.MESSAGING_EVENT" />
231-->[com.google.firebase:firebase-messaging:23.1.1] AndroidManifest.xml:49:17-78
231-->[com.google.firebase:firebase-messaging:23.1.1] AndroidManifest.xml:49:25-75
232            </intent-filter>
233        </service>
234
235        <provider
235-->[com.google.firebase:firebase-common:20.3.2] AndroidManifest.xml:25:9-30:39
236            android:name="com.google.firebase.provider.FirebaseInitProvider"
236-->[com.google.firebase:firebase-common:20.3.2] AndroidManifest.xml:26:13-77
237            android:authorities="com.recipe.search.firebaseinitprovider"
237-->[com.google.firebase:firebase-common:20.3.2] AndroidManifest.xml:27:13-72
238            android:directBootAware="true"
238-->[com.google.firebase:firebase-common:20.3.2] AndroidManifest.xml:28:13-43
239            android:exported="false"
239-->[com.google.firebase:firebase-common:20.3.2] AndroidManifest.xml:29:13-37
240            android:initOrder="100" />
240-->[com.google.firebase:firebase-common:20.3.2] AndroidManifest.xml:30:13-36
241
242        <activity
242-->[com.google.android.gms:play-services-base:18.1.0] AndroidManifest.xml:20:9-22:45
243            android:name="com.google.android.gms.common.api.GoogleApiActivity"
243-->[com.google.android.gms:play-services-base:18.1.0] AndroidManifest.xml:20:19-85
244            android:exported="false"
244-->[com.google.android.gms:play-services-base:18.1.0] AndroidManifest.xml:22:19-43
245            android:theme="@android:style/Theme.Translucent.NoTitleBar" />
245-->[com.google.android.gms:play-services-base:18.1.0] AndroidManifest.xml:21:19-78
246
247        <receiver
247-->[com.google.android.gms:play-services-measurement:21.2.0] AndroidManifest.xml:29:9-33:20
248            android:name="com.google.android.gms.measurement.AppMeasurementReceiver"
248-->[com.google.android.gms:play-services-measurement:21.2.0] AndroidManifest.xml:30:13-85
249            android:enabled="true"
249-->[com.google.android.gms:play-services-measurement:21.2.0] AndroidManifest.xml:31:13-35
250            android:exported="false" >
250-->[com.google.android.gms:play-services-measurement:21.2.0] AndroidManifest.xml:32:13-37
251        </receiver>
252
253        <service
253-->[com.google.android.gms:play-services-measurement:21.2.0] AndroidManifest.xml:35:9-38:40
254            android:name="com.google.android.gms.measurement.AppMeasurementService"
254-->[com.google.android.gms:play-services-measurement:21.2.0] AndroidManifest.xml:36:13-84
255            android:enabled="true"
255-->[com.google.android.gms:play-services-measurement:21.2.0] AndroidManifest.xml:37:13-35
256            android:exported="false" />
256-->[com.google.android.gms:play-services-measurement:21.2.0] AndroidManifest.xml:38:13-37
257        <service
257-->[com.google.android.gms:play-services-measurement:21.2.0] AndroidManifest.xml:39:9-43:72
258            android:name="com.google.android.gms.measurement.AppMeasurementJobService"
258-->[com.google.android.gms:play-services-measurement:21.2.0] AndroidManifest.xml:40:13-87
259            android:enabled="true"
259-->[com.google.android.gms:play-services-measurement:21.2.0] AndroidManifest.xml:41:13-35
260            android:exported="false"
260-->[com.google.android.gms:play-services-measurement:21.2.0] AndroidManifest.xml:42:13-37
261            android:permission="android.permission.BIND_JOB_SERVICE" />
261-->[com.google.android.gms:play-services-measurement:21.2.0] AndroidManifest.xml:43:13-69
262
263        <meta-data
263-->[com.google.android.gms:play-services-basement:18.1.0] AndroidManifest.xml:21:9-23:69
264            android:name="com.google.android.gms.version"
264-->[com.google.android.gms:play-services-basement:18.1.0] AndroidManifest.xml:22:13-58
265            android:value="@integer/google_play_services_version" />
265-->[com.google.android.gms:play-services-basement:18.1.0] AndroidManifest.xml:23:13-66
266        <!--
267         The initialization ContentProvider will call FacebookSdk.sdkInitialize automatically
268         with the application context. This config is merged in with the host app's manifest,
269         but there can only be one provider with the same authority activated at any given
270         point; so if the end user has two or more different apps that use Facebook SDK, only the
271         first one will be able to use the provider. To work around this problem, we use the
272         following placeholder in the authority to identify each host application as if it was
273         a completely different provider.
274        -->
275        <provider
275-->[com.facebook.android:facebook-core:5.15.3] AndroidManifest.xml:39:9-42:40
276            android:name="com.facebook.internal.FacebookInitProvider"
276-->[com.facebook.android:facebook-core:5.15.3] AndroidManifest.xml:40:13-70
277            android:authorities="com.recipe.search.FacebookInitProvider"
277-->[com.facebook.android:facebook-core:5.15.3] AndroidManifest.xml:41:13-72
278            android:exported="false" />
278-->[com.facebook.android:facebook-core:5.15.3] AndroidManifest.xml:42:13-37
279
280        <receiver